18:16:45.303 INFO [GridLauncherV3.parse] - Selenium server version: 3.141.59, revision: e82be7d358
18:16:45.387 INFO [GridLauncherV3.lambda$buildLaunchers$3] - Launching a standalone Selenium Server on port 4444
2021-01-25 18:16:45.445:INFO::main: Logging initialized @458ms to org.seleniumhq.jetty9.util.log.StdErrLog
18:16:45.671 INFO [WebDriverServlet.<init>] - Initialising WebDriverServlet
18:16:46.027 INFO [SeleniumServer.boot] - Selenium Server is up and running on port 4444
18:16:46.334 INFO [ActiveSessionFactory.apply] - Capabilities are: {
  "browserName": "chrome",
  "chromeOptions": {
    "args": [
    ]
  },
  "javascriptEnabled": true,
  "name": "Login",
  "selenium": {
    "cli_args": {
      "webdriver.chrome.driver": ".\u002fnode_modules\u002fchromedriver\u002flib\u002fchromedriver.exe"
    }
  }
}
18:16:46.335 INFO [ActiveSessionFactory.lambda$apply$11] - Matched factory org.openqa.selenium.grid.session.remote.ServicedSession$Factory (provider: org.openqa.selenium.chrome.ChromeDriverService)
Starting ChromeDriver 88.0.4324.96 (68dba2d8a0b149a1d3afac56fa74648032bcf46b-refs/branch-heads/4324@{#1784}) on port 25779
Only local connections are allowed.
Please see https://chromedriver.chromium.org/security-considerations for suggestions on keeping ChromeDriver safe.
ChromeDriver was started successfully.
18:16:48.313 INFO [ProtocolHandshake.createSession] - Detected dialect: W3C
18:16:48.363 INFO [RemoteSession$Factory.lambda$performHandshake$0] - Started new session 9269de2bda2c7199c308368e876277e5 (org.openqa.selenium.chrome.ChromeDriverService)
18:16:57.690 INFO [ActiveSessions$1.onStop] - Removing session 9269de2bda2c7199c308368e876277e5 (org.openqa.selenium.chrome.ChromeDriverService)
